Experiment: add_concat_64width_2obj
Begin to train...
=====================================Epoch 0========================================
*****Train*****
iters 99, tarin loss: 0.724641
iters 199, tarin loss: 0.623441
iters 299, tarin loss: 0.580922
iters 399, tarin loss: 0.559110
Learning rate: 0.001000
*****Test*****
Train loss: 0.552054, Test loss: 0.619692
=====================================Epoch 1========================================
*****Train*****
iters 99, tarin loss: 0.744413
iters 199, tarin loss: 0.637478
iters 299, tarin loss: 0.590932
iters 399, tarin loss: 0.557733
Learning rate: 0.002800
*****Test*****
Train loss: 0.547948, Test loss: 0.574581
=====================================Epoch 2========================================
*****Train*****
iters 99, tarin loss: 0.483096
iters 199, tarin loss: 0.456699
iters 299, tarin loss: 0.448305
iters 399, tarin loss: 0.440003
Learning rate: 0.004600
*****Test*****
Train loss: 0.437063, Test loss: 0.569224
=====================================Epoch 3========================================
*****Train*****
iters 99, tarin loss: 0.433813
iters 199, tarin loss: 0.422507
iters 299, tarin loss: 0.417501
iters 399, tarin loss: 0.414432
Learning rate: 0.006400
*****Test*****
Train loss: 0.411551, Test loss: 0.641185
=====================================Epoch 4========================================
*****Train*****
iters 99, tarin loss: 0.409490
iters 199, tarin loss: 0.404833
iters 299, tarin loss: 0.401989
iters 399, tarin loss: 0.398019
Learning rate: 0.008200
*****Test*****
Train loss: 0.396715, Test loss: 0.638055
=====================================Epoch 5========================================
*****Train*****
iters 99, tarin loss: 0.392382
iters 199, tarin loss: 0.389645
iters 299, tarin loss: 0.386731
iters 399, tarin loss: 0.385197
Learning rate: 0.009986
*****Test*****
Train loss: 0.384115, Test loss: 0.635153
=====================================Epoch 6========================================
*****Train*****
iters 99, tarin loss: 0.383676
iters 199, tarin loss: 0.379151
iters 299, tarin loss: 0.376574
iters 399, tarin loss: 0.375056
Learning rate: 0.009980
*****Test*****
Train loss: 0.373914, Test loss: 0.577066
=====================================Epoch 7========================================
*****Train*****
iters 99, tarin loss: 0.371960
iters 199, tarin loss: 0.370605
iters 299, tarin loss: 0.368401
iters 399, tarin loss: 0.368208
Learning rate: 0.009973
*****Test*****
Train loss: 0.367417, Test loss: 0.612292
=====================================Epoch 8========================================
*****Train*****
iters 99, tarin loss: 0.367690
iters 199, tarin loss: 0.364234
iters 299, tarin loss: 0.362706
iters 399, tarin loss: 0.362107
Learning rate: 0.009965
*****Test*****
Train loss: 0.361388, Test loss: 0.574926
=====================================Epoch 9========================================
*****Train*****
iters 99, tarin loss: 0.363990
iters 199, tarin loss: 0.360374
iters 299, tarin loss: 0.358842
iters 399, tarin loss: 0.358034
Learning rate: 0.009955
*****Test*****
Train loss: 0.357287, Test loss: 0.589882
=====================================Epoch 10========================================
*****Train*****
iters 99, tarin loss: 0.359594
iters 199, tarin loss: 0.356739
iters 299, tarin loss: 0.356975
iters 399, tarin loss: 0.355947
Learning rate: 0.009945
*****Test*****
Train loss: 0.354882, Test loss: 0.575898
=====================================Epoch 11========================================
*****Train*****
iters 99, tarin loss: 0.358938
iters 199, tarin loss: 0.356458
iters 299, tarin loss: 0.354817
iters 399, tarin loss: 0.353479
Learning rate: 0.009933
*****Test*****
Train loss: 0.352081, Test loss: 0.584778
=====================================Epoch 12========================================
*****Train*****
iters 99, tarin loss: 0.350803
iters 199, tarin loss: 0.347931
iters 299, tarin loss: 0.347873
iters 399, tarin loss: 0.348180
Learning rate: 0.009920
*****Test*****
Train loss: 0.347613, Test loss: 0.570908
=====================================Epoch 13========================================
*****Train*****
iters 99, tarin loss: 0.350618
iters 199, tarin loss: 0.348074
iters 299, tarin loss: 0.347208
iters 399, tarin loss: 0.346352
Learning rate: 0.009907
*****Test*****
Train loss: 0.345483, Test loss: 0.554730
=====================================Epoch 14========================================
*****Train*****
iters 99, tarin loss: 0.350900
iters 199, tarin loss: 0.347877
iters 299, tarin loss: 0.347609
iters 399, tarin loss: 0.346814
Learning rate: 0.009892
*****Test*****
Train loss: 0.345274, Test loss: 0.563552
=====================================Epoch 15========================================
*****Train*****
iters 99, tarin loss: 0.347943
iters 199, tarin loss: 0.344456
iters 299, tarin loss: 0.343746
iters 399, tarin loss: 0.343266
Learning rate: 0.009876
*****Test*****
Train loss: 0.342278, Test loss: 0.586109
=====================================Epoch 16========================================
*****Train*****
iters 99, tarin loss: 0.343602
iters 199, tarin loss: 0.341383
iters 299, tarin loss: 0.341676
iters 399, tarin loss: 0.341420
Learning rate: 0.009859
*****Test*****
Train loss: 0.340509, Test loss: 0.580039
=====================================Epoch 17========================================
*****Train*****
iters 99, tarin loss: 0.346630
iters 199, tarin loss: 0.342864
iters 299, tarin loss: 0.340947
iters 399, tarin loss: 0.339443
Learning rate: 0.009841
*****Test*****
Train loss: 0.338483, Test loss: 0.561621
=====================================Epoch 18========================================
*****Train*****
iters 99, tarin loss: 0.340377
iters 199, tarin loss: 0.338514
iters 299, tarin loss: 0.338689
iters 399, tarin loss: 0.337487
Learning rate: 0.009821
*****Test*****
Train loss: 0.336343, Test loss: 0.553638
=====================================Epoch 19========================================
*****Train*****
iters 99, tarin loss: 0.342962
iters 199, tarin loss: 0.337498
iters 299, tarin loss: 0.336687
iters 399, tarin loss: 0.336753
Learning rate: 0.009801
*****Test*****
Train loss: 0.335256, Test loss: 0.591566
=====================================Epoch 20========================================
*****Train*****
iters 99, tarin loss: 0.335282
iters 199, tarin loss: 0.335009
iters 299, tarin loss: 0.334816
iters 399, tarin loss: 0.334132
Learning rate: 0.009780
*****Test*****
Train loss: 0.333100, Test loss: 0.563931
=====================================Epoch 21========================================
*****Train*****
iters 99, tarin loss: 0.336124
iters 199, tarin loss: 0.334369
iters 299, tarin loss: 0.332733
iters 399, tarin loss: 0.332204
Learning rate: 0.009757
*****Test*****
Train loss: 0.331999, Test loss: 0.543177
=====================================Epoch 22========================================
*****Train*****
iters 99, tarin loss: 0.335584
iters 199, tarin loss: 0.333112
iters 299, tarin loss: 0.332595
iters 399, tarin loss: 0.331805
Learning rate: 0.009734
*****Test*****
Train loss: 0.331175, Test loss: 0.571133
=====================================Epoch 23========================================
*****Train*****
iters 99, tarin loss: 0.333604
iters 199, tarin loss: 0.330773
iters 299, tarin loss: 0.330878
iters 399, tarin loss: 0.330257
Learning rate: 0.009709
*****Test*****
Train loss: 0.329333, Test loss: 0.565701
=====================================Epoch 24========================================
*****Train*****
iters 99, tarin loss: 0.332449
iters 199, tarin loss: 0.330195
iters 299, tarin loss: 0.329879
iters 399, tarin loss: 0.328816
Learning rate: 0.009684
*****Test*****
Train loss: 0.328344, Test loss: 0.537080
=====================================Epoch 25========================================
*****Train*****
iters 99, tarin loss: 0.329525
iters 199, tarin loss: 0.329678
iters 299, tarin loss: 0.328506
iters 399, tarin loss: 0.327825
Learning rate: 0.009657
*****Test*****
Train loss: 0.326435, Test loss: 0.557533
=====================================Epoch 26========================================
*****Train*****
iters 99, tarin loss: 0.330618
iters 199, tarin loss: 0.328593
iters 299, tarin loss: 0.327534
iters 399, tarin loss: 0.326781
Learning rate: 0.009630
*****Test*****
Train loss: 0.326012, Test loss: 0.544264
=====================================Epoch 27========================================
*****Train*****
iters 99, tarin loss: 0.330675
iters 199, tarin loss: 0.328045
iters 299, tarin loss: 0.325974
iters 399, tarin loss: 0.326478
Learning rate: 0.009601
*****Test*****
Train loss: 0.325162, Test loss: 0.562225
=====================================Epoch 28========================================
*****Train*****
iters 99, tarin loss: 0.325706
iters 199, tarin loss: 0.325023
iters 299, tarin loss: 0.325375
iters 399, tarin loss: 0.325416
Learning rate: 0.009572
*****Test*****
Train loss: 0.324500, Test loss: 0.541222
=====================================Epoch 29========================================
*****Train*****
iters 99, tarin loss: 0.329917
iters 199, tarin loss: 0.326984
iters 299, tarin loss: 0.326779
iters 399, tarin loss: 0.326187
Learning rate: 0.009541
*****Test*****
Train loss: 0.324679, Test loss: 0.590030
=====================================Epoch 30========================================
*****Train*****
iters 99, tarin loss: 0.325665
iters 199, tarin loss: 0.324786
iters 299, tarin loss: 0.325104
iters 399, tarin loss: 0.324273
Learning rate: 0.009510
*****Test*****
Train loss: 0.323407, Test loss: 0.536955
=====================================Epoch 31========================================
*****Train*****
iters 99, tarin loss: 0.327575
iters 199, tarin loss: 0.325783
iters 299, tarin loss: 0.323698
iters 399, tarin loss: 0.322939
Learning rate: 0.009477
*****Test*****
Train loss: 0.322175, Test loss: 0.547155
=====================================Epoch 32========================================
*****Train*****
iters 99, tarin loss: 0.327269
iters 199, tarin loss: 0.323517
iters 299, tarin loss: 0.322830
iters 399, tarin loss: 0.323091
Learning rate: 0.009443
*****Test*****
Train loss: 0.321754, Test loss: 0.523402
=====================================Epoch 33========================================
*****Train*****
iters 99, tarin loss: 0.323192
iters 199, tarin loss: 0.321251
iters 299, tarin loss: 0.322101
iters 399, tarin loss: 0.322262
Learning rate: 0.009409
*****Test*****
Train loss: 0.321314, Test loss: 0.521524
=====================================Epoch 34========================================
*****Train*****
iters 99, tarin loss: 0.323293
iters 199, tarin loss: 0.321913
iters 299, tarin loss: 0.320511
iters 399, tarin loss: 0.320396
Learning rate: 0.009373
*****Test*****
Train loss: 0.319474, Test loss: 0.504938
=====================================Epoch 35========================================
*****Train*****
iters 99, tarin loss: 0.325186
iters 199, tarin loss: 0.323197
iters 299, tarin loss: 0.322485
iters 399, tarin loss: 0.320886
Learning rate: 0.009337
*****Test*****
Train loss: 0.320343, Test loss: 0.520899
=====================================Epoch 36========================================
*****Train*****
iters 99, tarin loss: 0.322311
iters 199, tarin loss: 0.320839
iters 299, tarin loss: 0.321662
iters 399, tarin loss: 0.320589
Learning rate: 0.009299
*****Test*****
Train loss: 0.319568, Test loss: 0.520965
=====================================Epoch 37========================================
*****Train*****
iters 99, tarin loss: 0.324152
iters 199, tarin loss: 0.321896
iters 299, tarin loss: 0.320646
iters 399, tarin loss: 0.319616
Learning rate: 0.009261
*****Test*****
Train loss: 0.318982, Test loss: 0.534047
=====================================Epoch 38========================================
*****Train*****
iters 99, tarin loss: 0.322702
iters 199, tarin loss: 0.321668
iters 299, tarin loss: 0.318737
iters 399, tarin loss: 0.318761
Learning rate: 0.009222
*****Test*****
Train loss: 0.317996, Test loss: 0.515082
=====================================Epoch 39========================================
*****Train*****
iters 99, tarin loss: 0.323275
iters 199, tarin loss: 0.319708
iters 299, tarin loss: 0.320060
iters 399, tarin loss: 0.319376
Learning rate: 0.009182
*****Test*****
Train loss: 0.318492, Test loss: 0.506315
=====================================Epoch 40========================================
*****Train*****
iters 99, tarin loss: 0.318860
iters 199, tarin loss: 0.317524
iters 299, tarin loss: 0.317394
iters 399, tarin loss: 0.317439
Learning rate: 0.009141
*****Test*****
Train loss: 0.316794, Test loss: 0.497243
=====================================Epoch 41========================================
*****Train*****
iters 99, tarin loss: 0.319959
iters 199, tarin loss: 0.319351
iters 299, tarin loss: 0.318145
iters 399, tarin loss: 0.317591
Learning rate: 0.009099
*****Test*****
Train loss: 0.316434, Test loss: 0.509436
=====================================Epoch 42========================================
*****Train*****
iters 99, tarin loss: 0.319568
iters 199, tarin loss: 0.318264
iters 299, tarin loss: 0.317772
iters 399, tarin loss: 0.316504
Learning rate: 0.009056
*****Test*****
Train loss: 0.315678, Test loss: 0.484003
=====================================Epoch 43========================================
*****Train*****
iters 99, tarin loss: 0.321166
iters 199, tarin loss: 0.317926
iters 299, tarin loss: 0.317061
iters 399, tarin loss: 0.316575
Learning rate: 0.009012
*****Test*****
Train loss: 0.315832, Test loss: 0.499651
=====================================Epoch 44========================================
*****Train*****
iters 99, tarin loss: 0.320592
iters 199, tarin loss: 0.318595
iters 299, tarin loss: 0.317018
iters 399, tarin loss: 0.316365
Learning rate: 0.008967
*****Test*****
Train loss: 0.315614, Test loss: 0.511842
=====================================Epoch 45========================================
*****Train*****
iters 99, tarin loss: 0.317853
iters 199, tarin loss: 0.316214
iters 299, tarin loss: 0.316883
iters 399, tarin loss: 0.315829
Learning rate: 0.008922
*****Test*****
Train loss: 0.314858, Test loss: 0.500846
=====================================Epoch 46========================================
*****Train*****
iters 99, tarin loss: 0.317281
iters 199, tarin loss: 0.315811
iters 299, tarin loss: 0.314861
iters 399, tarin loss: 0.314685
Learning rate: 0.008875
*****Test*****
Train loss: 0.313933, Test loss: 0.479751
=====================================Epoch 47========================================
*****Train*****
iters 99, tarin loss: 0.317115
iters 199, tarin loss: 0.315239
iters 299, tarin loss: 0.314294
iters 399, tarin loss: 0.313985
Learning rate: 0.008828
*****Test*****
Train loss: 0.313357, Test loss: 0.483330
=====================================Epoch 48========================================
*****Train*****
iters 99, tarin loss: 0.315117
iters 199, tarin loss: 0.314000
iters 299, tarin loss: 0.314227
iters 399, tarin loss: 0.313715
Learning rate: 0.008780
*****Test*****
Train loss: 0.313322, Test loss: 0.499855
=====================================Epoch 49========================================
*****Train*****
iters 99, tarin loss: 0.315207
iters 199, tarin loss: 0.314862
iters 299, tarin loss: 0.313681
iters 399, tarin loss: 0.313943
Learning rate: 0.008732
*****Test*****
Train loss: 0.313030, Test loss: 0.469025
=====================================Epoch 50========================================
*****Train*****
iters 99, tarin loss: 0.313344
iters 199, tarin loss: 0.314264
iters 299, tarin loss: 0.313263
iters 399, tarin loss: 0.312890
Learning rate: 0.008682
*****Test*****
Train loss: 0.311959, Test loss: 0.461540
=====================================Epoch 51========================================
*****Train*****
iters 99, tarin loss: 0.314255
iters 199, tarin loss: 0.314384
iters 299, tarin loss: 0.313208
iters 399, tarin loss: 0.313108
Learning rate: 0.008632
*****Test*****
Train loss: 0.311749, Test loss: 0.486104
=====================================Epoch 52========================================
*****Train*****
iters 99, tarin loss: 0.316873
iters 199, tarin loss: 0.314469
iters 299, tarin loss: 0.312491
iters 399, tarin loss: 0.312358
Learning rate: 0.008580
*****Test*****
Train loss: 0.312204, Test loss: 0.465995
=====================================Epoch 53========================================
*****Train*****
iters 99, tarin loss: 0.312799
iters 199, tarin loss: 0.312188
iters 299, tarin loss: 0.311939
iters 399, tarin loss: 0.311755
Learning rate: 0.008529
*****Test*****
Train loss: 0.310937, Test loss: 0.483256
=====================================Epoch 54========================================
*****Train*****
iters 99, tarin loss: 0.313094
iters 199, tarin loss: 0.312915
iters 299, tarin loss: 0.312047
iters 399, tarin loss: 0.311846
Learning rate: 0.008476
*****Test*****
Train loss: 0.311168, Test loss: 0.458742
=====================================Epoch 55========================================
*****Train*****
iters 99, tarin loss: 0.312428
iters 199, tarin loss: 0.310434
iters 299, tarin loss: 0.310693
iters 399, tarin loss: 0.310578
Learning rate: 0.008423
*****Test*****
Train loss: 0.309684, Test loss: 0.457051
=====================================Epoch 56========================================
*****Train*****
iters 99, tarin loss: 0.314209
iters 199, tarin loss: 0.311804
iters 299, tarin loss: 0.311510
iters 399, tarin loss: 0.311276
Learning rate: 0.008368
*****Test*****
Train loss: 0.309955, Test loss: 0.471232
=====================================Epoch 57========================================
*****Train*****
iters 99, tarin loss: 0.310487
iters 199, tarin loss: 0.308639
iters 299, tarin loss: 0.309317
iters 399, tarin loss: 0.309112
Learning rate: 0.008314
*****Test*****
Train loss: 0.308512, Test loss: 0.454384
=====================================Epoch 58========================================
*****Train*****
iters 99, tarin loss: 0.312497
